C:\USERS\ANIK\DOWNLOADS\IGRAPHICS\IGRAPHICS\DEBUG\IGRAPHICS.EXE
C:\USERS\ANIK\DOWNLOADS\IGRAPHICS\IGRAPHICS\DEBUG\IGRAPHICS.ILK
C:\USERS\ANIK\DOWNLOADS\IGRAPHICS\IGRAPHICS\DEBUG\IGRAPHICS.PDB
C:\USERS\ANIK\DOWNLOADS\IGRAPHICS\IGRAPHICS\IGRAPHICS\DEBUG\IGRAPHICS.EXE.INTERMEDIATE.MANIFEST
C:\USERS\ANIK\DOWNLOADS\IGRAPHICS\IGRAPHICS\IGRAPHICS\DEBUG\VC100.PDB
C:\USERS\ANIK\DOWNLOADS\IGRAPHICS\IGRAPHICS\IGRAPHICS\DEBUG\WATCH.OBJ
F:\L-1,T-2\IGRAPHICS\DEBUG\IGRAPHICS.EXE
F:\L-1,T-2\IGRAPHICS\DEBUG\IGRAPHICS.ILK
F:\L-1,T-2\IGRAPHICS\DEBUG\IGRAPHICS.PDB
F:\L-1,T-2\IGraphics\IGraphics\Debug\BallDemo.obj
F:\L-1,T-2\IGraphics\IGraphics\Debug\cl.command.1.tlog
F:\L-1,T-2\IGraphics\IGraphics\Debug\CL.read.1.tlog
F:\L-1,T-2\IGraphics\IGraphics\Debug\CL.write.1.tlog
F:\L-1,T-2\IGRAPHICS\IGRAPHICS\DEBUG\IGRAPHICS.EXE.INTERMEDIATE.MANIFEST
F:\L-1,T-2\IGraphics\IGraphics\Debug\IGraphics.vcxprojResolveAssemblyReference.cache
F:\L-1,T-2\IGraphics\IGraphics\Debug\IGraphics.write.1.tlog
F:\L-1,T-2\IGRAPHICS\IGRAPHICS\DEBUG\KEN KEN.OBJ
F:\L-1,T-2\IGraphics\IGraphics\Debug\link.command.1.tlog
F:\L-1,T-2\IGraphics\IGraphics\Debug\link.read.1.tlog
F:\L-1,T-2\IGraphics\IGraphics\Debug\link.write.1.tlog
F:\L-1,T-2\IGraphics\IGraphics\Debug\mt.command.1.tlog
F:\L-1,T-2\IGraphics\IGraphics\Debug\mt.read.1.tlog
F:\L-1,T-2\IGraphics\IGraphics\Debug\mt.write.1.tlog
F:\L-1,T-2\IGRAPHICS\IGRAPHICS\DEBUG\PICTUREDEMO.OBJ
F:\L-1,T-2\IGraphics\IGraphics\Debug\vc100.idb
F:\L-1,T-2\IGRAPHICS\IGRAPHICS\DEBUG\VC100.PDB
F:\L-1,T-2\IGraphics\IGraphics\Debug\watch.obj
H:\IGRAPHICS\DEBUG\IGRAPHICS.EXE
H:\IGRAPHICS\DEBUG\IGRAPHICS.ILK
H:\IGRAPHICS\DEBUG\IGRAPHICS.PDB
H:\IGRAPHICS\IGRAPHICS\DEBUG\BALLDEMO.OBJ
H:\IGRAPHICS\IGRAPHICS\DEBUG\IGRAPHICS.EXE.INTERMEDIATE.MANIFEST
H:\IGRAPHICS\IGRAPHICS\DEBUG\KEN KEN.OBJ
H:\IGRAPHICS\IGRAPHICS\DEBUG\VC100.PDB
